2026-01-05 22:18:15 INFO  org.apache.catalina.core.ContainerBase.[Tomcat].[localhost].[/] - Initializing Spring DispatcherServlet 'dispatcherServlet'
2026-01-05 22:18:15 INFO  org.springframework.web.servlet.DispatcherServlet - Initializing Servlet 'dispatcherServlet'
2026-01-05 22:18:16 INFO  org.springframework.web.servlet.DispatcherServlet - Completed initialization in 51 ms
2026-01-05 22:18:16 INFO  com.app.ecom.aop.LoggingAspect - ➡️ Entering method: ProductService.getallproduct()
2026-01-05 22:18:16 INFO  com.app.ecom.aop.LoggingAspect - ✅ Exiting method: ProductService.getallproduct()
2026-01-05 22:18:17 INFO  com.app.ecom.aop.LoggingAspect - ➡️ Entering method: ProductService.getallproduct()
2026-01-05 22:18:17 INFO  com.app.ecom.aop.LoggingAspect - ✅ Exiting method: ProductService.getallproduct()
2026-01-05 22:18:17 INFO  com.app.ecom.aop.LoggingAspect - ➡️ Entering method: ProductService.getallproduct()
2026-01-05 22:18:17 INFO  com.app.ecom.aop.LoggingAspect - ✅ Exiting method: ProductService.getallproduct()
2026-01-05 22:18:17 INFO  com.app.ecom.aop.LoggingAspect - ➡️ Entering method: ProductService.getallproduct()
2026-01-05 22:18:17 INFO  com.app.ecom.aop.LoggingAspect - ✅ Exiting method: ProductService.getallproduct()
2026-01-05 22:18:17 INFO  com.app.ecom.aop.LoggingAspect - ➡️ Entering method: ProductService.getallproduct()
2026-01-05 22:18:17 INFO  com.app.ecom.aop.LoggingAspect - ✅ Exiting method: ProductService.getallproduct()
2026-01-05 22:18:17 INFO  com.app.ecom.aop.LoggingAspect - ➡️ Entering method: ProductService.getallproduct()
2026-01-05 22:18:17 INFO  com.app.ecom.aop.LoggingAspect - ✅ Exiting method: ProductService.getallproduct()
2026-01-05 22:18:17 INFO  com.app.ecom.aop.LoggingAspect - ➡️ Entering method: ProductService.getallproduct()
2026-01-05 22:18:17 INFO  com.app.ecom.aop.LoggingAspect - ✅ Exiting method: ProductService.getallproduct()
2026-01-05 22:18:17 INFO  com.app.ecom.aop.LoggingAspect - ➡️ Entering method: ProductService.getallproduct()
2026-01-05 22:18:17 INFO  com.app.ecom.aop.LoggingAspect - ✅ Exiting method: ProductService.getallproduct()
2026-01-05 22:18:21 INFO  com.app.ecom.aop.LoggingAspect - ➡️ Entering method: ProductService.getproduct(..)
2026-01-05 22:18:21 INFO  com.app.ecom.aop.LoggingAspect - ✅ Exiting method: ProductService.getproduct(..)
2026-01-05 22:18:21 INFO  com.app.ecom.aop.LoggingAspect - ➡️ Entering method: ProductService.getproduct(..)
2026-01-05 22:18:21 INFO  com.app.ecom.aop.LoggingAspect - ➡️ Entering method: ProductService.getproduct(..)
2026-01-05 22:18:21 INFO  com.app.ecom.aop.LoggingAspect - ✅ Exiting method: ProductService.getproduct(..)
2026-01-05 22:18:21 INFO  com.app.ecom.aop.LoggingAspect - ✅ Exiting method: ProductService.getproduct(..)
2026-01-05 22:18:21 INFO  com.app.ecom.aop.LoggingAspect - ➡️ Entering method: ProductService.getproduct(..)
2026-01-05 22:18:21 INFO  com.app.ecom.aop.LoggingAspect - ✅ Exiting method: ProductService.getproduct(..)
2026-01-05 22:18:24 INFO  com.app.ecom.aop.LoggingAspect - ➡️ Entering method: ProductService.getallproduct()
2026-01-05 22:18:24 INFO  com.app.ecom.aop.LoggingAspect - ✅ Exiting method: ProductService.getallproduct()
2026-01-05 22:18:24 INFO  com.app.ecom.aop.LoggingAspect - ➡️ Entering method: ProductService.getallproduct()
2026-01-05 22:18:24 INFO  com.app.ecom.aop.LoggingAspect - ✅ Exiting method: ProductService.getallproduct()
2026-01-05 22:18:25 INFO  com.app.ecom.aop.LoggingAspect - ➡️ Entering method: ProductService.getproduct(..)
2026-01-05 22:18:25 INFO  com.app.ecom.aop.LoggingAspect - ✅ Exiting method: ProductService.getproduct(..)
2026-01-05 22:18:25 INFO  com.app.ecom.aop.LoggingAspect - ➡️ Entering method: ProductService.getproduct(..)
2026-01-05 22:18:25 INFO  com.app.ecom.aop.LoggingAspect - ✅ Exiting method: ProductService.getproduct(..)
2026-01-05 22:18:27 INFO  com.app.ecom.aop.LoggingAspect - ➡️ Entering method: ProductService.getproduct(..)
2026-01-05 22:18:27 INFO  com.app.ecom.aop.LoggingAspect - ✅ Exiting method: ProductService.getproduct(..)
2026-01-05 22:18:27 INFO  com.app.ecom.aop.LoggingAspect - ➡️ Entering method: ProductService.deleteproduct(..)
2026-01-05 22:18:27 INFO  com.app.ecom.aop.LoggingAspect - ✅ Exiting method: ProductService.deleteproduct(..)
2026-01-05 22:18:27 INFO  com.app.ecom.aop.LoggingAspect - ➡️ Entering method: ProductService.getallproduct()
2026-01-05 22:18:27 INFO  com.app.ecom.aop.LoggingAspect - ✅ Exiting method: ProductService.getallproduct()
2026-01-05 22:18:27 INFO  com.app.ecom.aop.LoggingAspect - ➡️ Entering method: ProductService.getallproduct()
2026-01-05 22:18:27 INFO  com.app.ecom.aop.LoggingAspect - ✅ Exiting method: ProductService.getallproduct()
2026-01-05 22:18:27 INFO  com.app.ecom.aop.LoggingAspect - ➡️ Entering method: ProductService.getallproduct()
2026-01-05 22:18:27 INFO  com.app.ecom.aop.LoggingAspect - ✅ Exiting method: ProductService.getallproduct()
2026-01-05 22:18:30 INFO  com.app.ecom.aop.LoggingAspect - ➡️ Entering method: ProductService.getallproduct()
2026-01-05 22:18:30 INFO  com.app.ecom.aop.LoggingAspect - ✅ Exiting method: ProductService.getallproduct()
2026-01-05 22:18:30 INFO  com.app.ecom.aop.LoggingAspect - ➡️ Entering method: ProductService.getallproduct()
2026-01-05 22:18:30 INFO  com.app.ecom.aop.LoggingAspect - ✅ Exiting method: ProductService.getallproduct()
2026-01-05 22:18:30 INFO  com.app.ecom.aop.LoggingAspect - ➡️ Entering method: ProductService.getallproduct()
2026-01-05 22:18:30 INFO  com.app.ecom.aop.LoggingAspect - ✅ Exiting method: ProductService.getallproduct()
2026-01-05 22:18:30 INFO  com.app.ecom.aop.LoggingAspect - ➡️ Entering method: ProductService.getallproduct()
2026-01-05 22:18:30 INFO  com.app.ecom.aop.LoggingAspect - ✅ Exiting method: ProductService.getallproduct()
2026-01-05 22:18:30 INFO  com.app.ecom.aop.LoggingAspect - ➡️ Entering method: ProductService.getallproduct()
2026-01-05 22:18:30 INFO  com.app.ecom.aop.LoggingAspect - ✅ Exiting method: ProductService.getallproduct()
2026-01-05 22:18:30 INFO  com.app.ecom.aop.LoggingAspect - ➡️ Entering method: ProductService.getallproduct()
2026-01-05 22:18:30 INFO  com.app.ecom.aop.LoggingAspect - ✅ Exiting method: ProductService.getallproduct()
2026-01-05 22:18:32 INFO  com.app.ecom.aop.LoggingAspect - ➡️ Entering method: ProductService.getallproduct()
2026-01-05 22:18:32 INFO  com.app.ecom.aop.LoggingAspect - ✅ Exiting method: ProductService.getallproduct()
2026-01-05 22:18:32 INFO  com.app.ecom.aop.LoggingAspect - ➡️ Entering method: ProductService.getallproduct()
2026-01-05 22:18:32 INFO  com.app.ecom.aop.LoggingAspect - ✅ Exiting method: ProductService.getallproduct()
2026-01-05 22:18:32 INFO  com.app.ecom.aop.LoggingAspect - ➡️ Entering method: ProductService.getallproduct()
2026-01-05 22:18:32 INFO  com.app.ecom.aop.LoggingAspect - ✅ Exiting method: ProductService.getallproduct()
2026-01-05 22:18:32 INFO  com.app.ecom.aop.LoggingAspect - ➡️ Entering method: ProductService.getallproduct()
2026-01-05 22:18:32 INFO  com.app.ecom.aop.LoggingAspect - ✅ Exiting method: ProductService.getallproduct()
2026-01-05 22:18:32 INFO  com.app.ecom.aop.LoggingAspect - ➡️ Entering method: ProductService.getallproduct()
2026-01-05 22:18:32 INFO  com.app.ecom.aop.LoggingAspect - ✅ Exiting method: ProductService.getallproduct()
2026-01-05 22:18:32 INFO  com.app.ecom.aop.LoggingAspect - ➡️ Entering method: ProductService.getallproduct()
2026-01-05 22:18:32 INFO  com.app.ecom.aop.LoggingAspect - ✅ Exiting method: ProductService.getallproduct()
2026-01-05 22:18:32 INFO  com.app.ecom.aop.LoggingAspect - ➡️ Entering method: ProductService.getallproduct()
2026-01-05 22:18:32 INFO  com.app.ecom.aop.LoggingAspect - ✅ Exiting method: ProductService.getallproduct()
2026-01-05 22:18:32 INFO  com.app.ecom.aop.LoggingAspect - ➡️ Entering method: ProductService.getallproduct()
2026-01-05 22:18:32 INFO  com.app.ecom.aop.LoggingAspect - ✅ Exiting method: ProductService.getallproduct()
2026-01-05 22:18:39 INFO  com.app.ecom.aop.LoggingAspect - ➡️ Entering method: ProductService.getallproduct()
2026-01-05 22:18:39 INFO  com.app.ecom.aop.LoggingAspect - ✅ Exiting method: ProductService.getallproduct()
2026-01-05 22:18:39 INFO  com.app.ecom.aop.LoggingAspect - ➡️ Entering method: ProductService.getallproduct()
2026-01-05 22:18:39 INFO  com.app.ecom.aop.LoggingAspect - ✅ Exiting method: ProductService.getallproduct()
2026-01-05 22:18:39 INFO  com.app.ecom.aop.LoggingAspect - ➡️ Entering method: ProductService.getallproduct()
2026-01-05 22:18:39 INFO  com.app.ecom.aop.LoggingAspect - ✅ Exiting method: ProductService.getallproduct()
2026-01-05 22:18:39 INFO  com.app.ecom.aop.LoggingAspect - ➡️ Entering method: ProductService.getallproduct()
2026-01-05 22:18:39 INFO  com.app.ecom.aop.LoggingAspect - ✅ Exiting method: ProductService.getallproduct()
2026-01-05 22:18:39 INFO  com.app.ecom.aop.LoggingAspect - ➡️ Entering method: ProductService.getallproduct()
2026-01-05 22:18:39 INFO  com.app.ecom.aop.LoggingAspect - ✅ Exiting method: ProductService.getallproduct()
2026-01-05 22:18:39 INFO  com.app.ecom.aop.LoggingAspect - ➡️ Entering method: ProductService.getallproduct()
2026-01-05 22:18:39 INFO  com.app.ecom.aop.LoggingAspect - ✅ Exiting method: ProductService.getallproduct()
2026-01-05 22:18:39 INFO  com.app.ecom.aop.LoggingAspect - ➡️ Entering method: ProductService.getallproduct()
2026-01-05 22:18:39 INFO  com.app.ecom.aop.LoggingAspect - ✅ Exiting method: ProductService.getallproduct()
2026-01-05 22:18:39 INFO  com.app.ecom.aop.LoggingAspect - ➡️ Entering method: ProductService.getallproduct()
2026-01-05 22:18:39 INFO  com.app.ecom.aop.LoggingAspect - ✅ Exiting method: ProductService.getallproduct()
2026-01-05 22:19:13 INFO  com.app.ecom.aop.LoggingAspect - ➡️ Entering method: orderService.placeOrder(..)
2026-01-05 22:19:13 INFO  com.app.ecom.aop.LoggingAspect - ✅ Exiting method: orderService.placeOrder(..)
2026-01-05 22:19:15 INFO  com.app.ecom.aop.LoggingAspect - ➡️ Entering method: ProductService.getallproduct()
2026-01-05 22:19:15 INFO  com.app.ecom.aop.LoggingAspect - ✅ Exiting method: ProductService.getallproduct()
2026-01-05 22:19:15 INFO  com.app.ecom.aop.LoggingAspect - ➡️ Entering method: ProductService.getallproduct()
2026-01-05 22:19:15 INFO  com.app.ecom.aop.LoggingAspect - ✅ Exiting method: ProductService.getallproduct()
2026-01-05 22:19:20 INFO  com.app.ecom.aop.LoggingAspect - ➡️ Entering method: ProductService.getallproduct()
2026-01-05 22:19:20 INFO  com.app.ecom.aop.LoggingAspect - ➡️ Entering method: orderService.getAllOrderResponses()
2026-01-05 22:19:20 INFO  com.app.ecom.aop.LoggingAspect - ✅ Exiting method: ProductService.getallproduct()
2026-01-05 22:19:20 INFO  com.app.ecom.aop.LoggingAspect - ➡️ Entering method: ProductService.getallproduct()
2026-01-05 22:19:20 INFO  com.app.ecom.aop.LoggingAspect - ✅ Exiting method: ProductService.getallproduct()
2026-01-05 22:19:20 INFO  com.app.ecom.aop.LoggingAspect - ➡️ Entering method: ProductService.getallproduct()
2026-01-05 22:19:20 INFO  com.app.ecom.aop.LoggingAspect - ✅ Exiting method: ProductService.getallproduct()
2026-01-05 22:19:20 INFO  com.app.ecom.aop.LoggingAspect - ➡️ Entering method: ProductService.getallproduct()
2026-01-05 22:19:20 INFO  com.app.ecom.aop.LoggingAspect - ✅ Exiting method: orderService.getAllOrderResponses()
2026-01-05 22:19:20 INFO  com.app.ecom.aop.LoggingAspect - ✅ Exiting method: ProductService.getallproduct()
2026-01-05 22:19:20 INFO  com.app.ecom.aop.LoggingAspect - ➡️ Entering method: orderService.getAllOrderResponses()
2026-01-05 22:19:20 INFO  com.app.ecom.aop.LoggingAspect - ➡️ Entering method: ProductService.getallproduct()
2026-01-05 22:19:20 INFO  com.app.ecom.aop.LoggingAspect - ✅ Exiting method: ProductService.getallproduct()
2026-01-05 22:19:20 INFO  com.app.ecom.aop.LoggingAspect - ✅ Exiting method: orderService.getAllOrderResponses()
2026-01-05 22:19:20 INFO  com.app.ecom.aop.LoggingAspect - ➡️ Entering method: ProductService.getallproduct()
2026-01-05 22:19:20 INFO  com.app.ecom.aop.LoggingAspect - ✅ Exiting method: ProductService.getallproduct()
2026-01-05 22:19:47 INFO  org.springframework.boot.tomcat.GracefulShutdown - Commencing graceful shutdown. Waiting for active requests to complete
2026-01-05 22:19:47 INFO  org.springframework.boot.tomcat.GracefulShutdown - Graceful shutdown complete
2026-01-05 22:19:47 INFO  org.springframework.orm.jpa.LocalContainerEntityManagerFactoryBean - Closing JPA EntityManagerFactory for persistence unit 'default'
2026-01-05 22:19:47 INFO  com.zaxxer.hikari.HikariDataSource - HikariPool-1 - Shutdown initiated...
2026-01-05 22:19:47 INFO  com.zaxxer.hikari.HikariDataSource - HikariPool-1 - Shutdown completed.
